15:16:10.234 INFO - Launching a standalone Selenium Server
Setting system property webdriver.chrome.driver to lib/chromedriver.exe
15:16:10.421 INFO - Java: Oracle Corporation 25.91-b14
15:16:10.421 INFO - OS: Windows 10 10.0 amd64
15:16:10.439 INFO - v2.53.1, with Core v2.53.1. Built from revision a36b8b1
15:16:10.519 INFO - Driver class not found: com.opera.core.systems.OperaDriver
15:16:10.519 INFO - Driver provider com.opera.core.systems.OperaDriver is not registered
15:16:10.532 INFO - Driver provider org.openqa.selenium.safari.SafariDriver registration is skipped:
registration capabilities Capabilities [{browserName=safari, version=, platform=MAC}] does not match the current platform WIN10
15:16:10.533 INFO - Driver class not found: org.openqa.selenium.htmlunit.HtmlUnitDriver
15:16:10.533 INFO - Driver provider org.openqa.selenium.htmlunit.HtmlUnitDriver is not registered
15:16:10.749 INFO - RemoteWebDriver instances should connect to: http://127.0.0.1:4444/wd/hub
15:16:10.749 INFO - Selenium Server is up and running
15:16:11.782 INFO - Executing: [new session: Capabilities [{acceptSslCerts=true, name=Google Spec, browserName=firefox, javascriptEnabled=true, platform=ANY}]])
15:16:11.800 INFO - Creating a new session for Capabilities [{acceptSslCerts=true, name=Google Spec, browserName=firefox, javascriptEnabled=true, platform=ANY}]
org.openqa.selenium.firefox.NotConnectedException: Unable to connect to host 127.0.0.1 on port 7055 after 45000 ms. Firefox console output:
417	addons.xpi	DEBUG	Updating database with changes to installed add-ons
1472102175418	addons.xpi-utils	DEBUG	Updating add-on states
1472102175419	addons.xpi-utils	DEBUG	Writing add-ons list
1472102175430	addons.xpi	DEBUG	Registering manifest for C:\Program Files (x86)\Mozilla Firefox\browser\features\e10srollout@mozilla.org.xpi
1472102175430	addons.xpi	DEBUG	Calling bootstrap method startup on e10srollout@mozilla.org version 1.0
1472102175431	addons.xpi	DEBUG	Registering manifest for C:\Program Files (x86)\Mozilla Firefox\browser\features\firefox@getpocket.com.xpi
1472102175431	addons.xpi	DEBUG	Calling bootstrap method startup on firefox@getpocket.com version 1.0.4
1472102175432	addons.xpi	DEBUG	Registering manifest for C:\Program Files (x86)\Mozilla Firefox\browser\features\loop@mozilla.org.xpi
1472102175433	addons.xpi	DEBUG	Calling bootstrap method startup on loop@mozilla.org version 1.4.3
1472102175452	addons.manager	DEBUG	Registering shutdown blocker for XPIProvider
1472102175452	addons.manager	DEBUG	Provider finished startup: XPIProvider
1472102175452	addons.manager	DEBUG	Starting provider: LightweightThemeManager
1472102175452	addons.manager	DEBUG	Registering shutdown blocker for LightweightThemeManager
1472102175453	addons.manager	DEBUG	Provider finished startup: LightweightThemeManager
1472102175453	addons.manager	DEBUG	Starting provider: GMPProvider
1472102175461	addons.manager	DEBUG	Registering shutdown blocker for GMPProvider
1472102175461	addons.manager	DEBUG	Provider finished startup: GMPProvider
1472102175461	addons.manager	DEBUG	Starting provider: PluginProvider
1472102175462	addons.manager	DEBUG	Registering shutdown blocker for PluginProvider
1472102175462	addons.manager	DEBUG	Provider finished startup: PluginProvider
1472102175462	addons.manager	DEBUG	Completed startup sequence
1472102176064	addons.manager	DEBUG	Starting provider: <unnamed-provider>
1472102176064	addons.manager	DEBUG	Registering shutdown blocker for <unnamed-provider>
1472102176064	addons.manager	DEBUG	Provider finished startup: <unnamed-provider>
1472102176785	DeferredSave.extensions.json	DEBUG	Write succeeded
1472102176785	addons.xpi-utils	DEBUG	XPI Database saved, setting schema version preference to 17
1472102176785	DeferredSave.extensions.json	DEBUG	Starting timer
1472102176828	DeferredSave.extensions.json	DEBUG	Starting write
1472102176856	addons.repository	DEBUG	No addons.json found.
1472102176860	DeferredSave.addons.json	DEBUG	Save changes
1472102176871	DeferredSave.addons.json	DEBUG	Starting timer
1472102177021	addons.manager	DEBUG	Starting provider: PreviousExperimentProvider
1472102177021	addons.manager	DEBUG	Registering shutdown blocker for PreviousExperimentProvider
1472102177021	addons.manager	DEBUG	Provider finished startup: PreviousExperimentProvider
1472102177026	DeferredSave.addons.json	DEBUG	Starting write
1472102177039	DeferredSave.extensions.json	DEBUG	Write succeeded
1472102177165	DeferredSave.addons.json	DEBUG	Write succeeded
1472102191091	addons.xpi	DEBUG	Calling bootstrap method shutdown on e10srollout@mozilla.org version 1.0
1472102191091	addons.xpi	DEBUG	Calling bootstrap method shutdown on firefox@getpocket.com version 1.0.4
1472102191092	addons.xpi	DEBUG	Calling bootstrap method shutdown on loop@mozilla.org version 1.4.3
1472102191468	addons.manager	DEBUG	shutdown
1472102191468	addons.manager	DEBUG	Calling shutdown blocker for XPIProvider
1472102191468	addons.xpi	DEBUG	shutdown
1472102191469	addons.xpi-utils	DEBUG	shutdown
1472102191469	addons.manager	DEBUG	Calling shutdown blocker for LightweightThemeManager
1472102191470	addons.manager	DEBUG	Calling shutdown blocker for GMPProvider
1472102191473	addons.manager	DEBUG	Calling shutdown blocker for PluginProvider
1472102191474	addons.manager	DEBUG	Calling shutdown blocker for <unnamed-provider>
1472102191476	addons.manager	DEBUG	Calling shutdown blocker for PreviousExperimentProvider
1472102191479	addons.xpi	DEBUG	Notifying XPI shutdown observers
1472102191483	addons.manager	DEBUG	Async provider shutdown done

	at org.openqa.selenium.firefox.internal.NewProfileExtensionConnection.start(NewProfileExtensionConnection.java:112)
	at org.openqa.selenium.firefox.FirefoxDriver.startClient(FirefoxDriver.java:271)
	at org.openqa.selenium.remote.RemoteWebDriver.<init>(RemoteWebDriver.java:119)
	at org.openqa.selenium.firefox.FirefoxDriver.<init>(FirefoxDriver.java:218)
	at org.openqa.selenium.firefox.FirefoxDriver.<init>(FirefoxDriver.java:211)
	at org.openqa.selenium.firefox.FirefoxDriver.<init>(FirefoxDriver.java:129)
	at sun.reflect.NativeConstructorAccessorImpl.newInstance0(Native Method)
	at sun.reflect.NativeConstructorAccessorImpl.newInstance(Unknown Source)
	at sun.reflect.DelegatingConstructorAccessorImpl.newInstance(Unknown Source)
	at java.lang.reflect.Constructor.newInstance(Unknown Source)
	at org.openqa.selenium.remote.server.FirefoxDriverProvider.callConstructor(FirefoxDriverProvider.java:91)
	at org.openqa.selenium.remote.server.FirefoxDriverProvider.newInstance(FirefoxDriverProvider.java:68)
	at org.openqa.selenium.remote.server.DefaultDriverFactory.newInstance(DefaultDriverFactory.java:60)
	at org.openqa.selenium.remote.server.DefaultSession$BrowserCreator.call(DefaultSession.java:222)
	at org.openqa.selenium.remote.server.DefaultSession$BrowserCreator.call(DefaultSession.java:1)
	at java.util.concurrent.FutureTask.run(Unknown Source)
	at org.openqa.selenium.remote.server.DefaultSession$1.run(DefaultSession.java:176)
	at java.util.concurrent.ThreadPoolExecutor.runWorker(Unknown Source)
	at java.util.concurrent.ThreadPoolExecutor$Worker.run(Unknown Source)
	at java.lang.Thread.run(Unknown Source)
15:16:59.801 WARN - Exception thrown
java.util.concurrent.ExecutionException: org.openqa.selenium.WebDriverException: java.lang.reflect.InvocationTargetException
Build info: version: '2.53.1', revision: 'a36b8b1', time: '2016-06-30 17:37:03'
System info: host: 'YVW-BW2RDC2', ip: '172.20.108.44', os.name: 'Windows 10', os.arch: 'amd64', os.version: '10.0', java.version: '1.8.0_91'
Driver info: driver.version: unknown
	at java.util.concurrent.FutureTask.report(Unknown Source)
	at java.util.concurrent.FutureTask.get(Unknown Source)
	at org.openqa.selenium.remote.server.DefaultSession.execute(DefaultSession.java:183)
	at org.openqa.selenium.remote.server.DefaultSession.<init>(DefaultSession.java:119)
	at org.openqa.selenium.remote.server.DefaultSession.createSession(DefaultSession.java:95)
	at org.openqa.selenium.remote.server.DefaultDriverSessions.newSession(DefaultDriverSessions.java:124)
	at org.openqa.selenium.remote.server.handler.NewSession.handle(NewSession.java:59)
	at org.openqa.selenium.remote.server.handler.NewSession.handle(NewSession.java:1)
	at org.openqa.selenium.remote.server.rest.ResultConfig.handle(ResultConfig.java:111)
	at org.openqa.selenium.remote.server.JsonHttpCommandHandler.handleRequest(JsonHttpCommandHandler.java:79)
	at org.openqa.selenium.remote.server.DriverServlet.handleRequest(DriverServlet.java:204)
	at org.openqa.selenium.remote.server.DriverServlet.doPost(DriverServlet.java:166)
	at javax.servlet.http.HttpServlet.service(HttpServlet.java:707)
	at org.openqa.selenium.remote.server.DriverServlet.service(DriverServlet.java:132)
	at javax.servlet.http.HttpServlet.service(HttpServlet.java:790)
	at org.openqa.jetty.jetty.servlet.ServletHolder.handle(ServletHolder.java:428)
	at org.openqa.jetty.jetty.servlet.ServletHandler.dispatch(ServletHandler.java:680)
	at org.openqa.jetty.jetty.servlet.ServletHandler.handle(ServletHandler.java:571)
	at org.openqa.jetty.http.HttpContext.handle(HttpContext.java:1526)
	at org.openqa.jetty.http.HttpContext.handle(HttpContext.java:1479)
	at org.openqa.jetty.http.HttpServer.service(HttpServer.java:920)
	at org.openqa.jetty.http.HttpConnection.service(HttpConnection.java:820)
	at org.openqa.jetty.http.HttpConnection.handleNext(HttpConnection.java:986)
	at org.openqa.jetty.http.HttpConnection.handle(HttpConnection.java:837)
	at org.openqa.jetty.http.SocketListener.handleConnection(SocketListener.java:243)
	at org.openqa.jetty.util.ThreadedServer.handle(ThreadedServer.java:358)
	at org.openqa.jetty.util.ThreadPool$PoolThread.run(ThreadPool.java:537)
Caused by: org.openqa.selenium.WebDriverException: java.lang.reflect.InvocationTargetException
Build info: version: '2.53.1', revision: 'a36b8b1', time: '2016-06-30 17:37:03'
System info: host: 'YVW-BW2RDC2', ip: '172.20.108.44', os.name: 'Windows 10', os.arch: 'amd64', os.version: '10.0', java.version: '1.8.0_91'
Driver info: driver.version: unknown
	at org.openqa.selenium.remote.server.FirefoxDriverProvider.callConstructor(FirefoxDriverProvider.java:101)
	at org.openqa.selenium.remote.server.FirefoxDriverProvider.newInstance(FirefoxDriverProvider.java:68)
	at org.openqa.selenium.remote.server.DefaultDriverFactory.newInstance(DefaultDriverFactory.java:60)
	at org.openqa.selenium.remote.server.DefaultSession$BrowserCreator.call(DefaultSession.java:222)
	at org.openqa.selenium.remote.server.DefaultSession$BrowserCreator.call(DefaultSession.java:1)
	at java.util.concurrent.FutureTask.run(Unknown Source)
	at org.openqa.selenium.remote.server.DefaultSession$1.run(DefaultSession.java:176)
	at java.util.concurrent.ThreadPoolExecutor.runWorker(Unknown Source)
	at java.util.concurrent.ThreadPoolExecutor$Worker.run(Unknown Source)
	at java.lang.Thread.run(Unknown Source)
Caused by: java.lang.reflect.InvocationTargetException
	at sun.reflect.NativeConstructorAccessorImpl.newInstance0(Native Method)
	at sun.reflect.NativeConstructorAccessorImpl.newInstance(Unknown Source)
	at sun.reflect.DelegatingConstructorAccessorImpl.newInstance(Unknown Source)
	at java.lang.reflect.Constructor.newInstance(Unknown Source)
	at org.openqa.selenium.remote.server.FirefoxDriverProvider.callConstructor(FirefoxDriverProvider.java:91)
	... 9 more
Caused by: org.openqa.selenium.WebDriverException: Failed to connect to binary FirefoxBinary(C:\Program Files (x86)\Mozilla Firefox\firefox.exe) on port 7055; process output follows: 
417	addons.xpi	DEBUG	Updating database with changes to installed add-ons
1472102175418	addons.xpi-utils	DEBUG	Updating add-on states
1472102175419	addons.xpi-utils	DEBUG	Writing add-ons list
1472102175430	addons.xpi	DEBUG	Registering manifest for C:\Program Files (x86)\Mozilla Firefox\browser\features\e10srollout@mozilla.org.xpi
1472102175430	addons.xpi	DEBUG	Calling bootstrap method startup on e10srollout@mozilla.org version 1.0
1472102175431	addons.xpi	DEBUG	Registering manifest for C:\Program Files (x86)\Mozilla Firefox\browser\features\firefox@getpocket.com.xpi
1472102175431	addons.xpi	DEBUG	Calling bootstrap method startup on firefox@getpocket.com version 1.0.4
1472102175432	addons.xpi	DEBUG	Registering manifest for C:\Program Files (x86)\Mozilla Firefox\browser\features\loop@mozilla.org.xpi
1472102175433	addons.xpi	DEBUG	Calling bootstrap method startup on loop@mozilla.org version 1.4.3
1472102175452	addons.manager	DEBUG	Registering shutdown blocker for XPIProvider
1472102175452	addons.manager	DEBUG	Provider finished startup: XPIProvider
1472102175452	addons.manager	DEBUG	Starting provider: LightweightThemeManager
1472102175452	addons.manager	DEBUG	Registering shutdown blocker for LightweightThemeManager
1472102175453	addons.manager	DEBUG	Provider finished startup: LightweightThemeManager
1472102175453	addons.manager	DEBUG	Starting provider: GMPProvider
1472102175461	addons.manager	DEBUG	Registering shutdown blocker for GMPProvider
1472102175461	addons.manager	DEBUG	Provider finished startup: GMPProvider
1472102175461	addons.manager	DEBUG	Starting provider: PluginProvider
1472102175462	addons.manager	DEBUG	Registering shutdown blocker for PluginProvider
1472102175462	addons.manager	DEBUG	Provider finished startup: PluginProvider
1472102175462	addons.manager	DEBUG	Completed startup sequence
1472102176064	addons.manager	DEBUG	Starting provider: <unnamed-provider>
1472102176064	addons.manager	DEBUG	Registering shutdown blocker for <unnamed-provider>
1472102176064	addons.manager	DEBUG	Provider finished startup: <unnamed-provider>
1472102176785	DeferredSave.extensions.json	DEBUG	Write succeeded
1472102176785	addons.xpi-utils	DEBUG	XPI Database saved, setting schema version preference to 17
1472102176785	DeferredSave.extensions.json	DEBUG	Starting timer
1472102176828	DeferredSave.extensions.json	DEBUG	Starting write
1472102176856	addons.repository	DEBUG	No addons.json found.
1472102176860	DeferredSave.addons.json	DEBUG	Save changes
1472102176871	DeferredSave.addons.json	DEBUG	Starting timer
1472102177021	addons.manager	DEBUG	Starting provider: PreviousExperimentProvider
1472102177021	addons.manager	DEBUG	Registering shutdown blocker for PreviousExperimentProvider
1472102177021	addons.manager	DEBUG	Provider finished startup: PreviousExperimentProvider
1472102177026	DeferredSave.addons.json	DEBUG	Starting write
1472102177039	DeferredSave.extensions.json	DEBUG	Write succeeded
1472102177165	DeferredSave.addons.json	DEBUG	Write succeeded
1472102191091	addons.xpi	DEBUG	Calling bootstrap method shutdown on e10srollout@mozilla.org version 1.0
1472102191091	addons.xpi	DEBUG	Calling bootstrap method shutdown on firefox@getpocket.com version 1.0.4
1472102191092	addons.xpi	DEBUG	Calling bootstrap method shutdown on loop@mozilla.org version 1.4.3
1472102191468	addons.manager	DEBUG	shutdown
1472102191468	addons.manager	DEBUG	Calling shutdown blocker for XPIProvider
1472102191468	addons.xpi	DEBUG	shutdown
1472102191469	addons.xpi-utils	DEBUG	shutdown
1472102191469	addons.manager	DEBUG	Calling shutdown blocker for LightweightThemeManager
1472102191470	addons.manager	DEBUG	Calling shutdown blocker for GMPProvider
1472102191473	addons.manager	DEBUG	Calling shutdown blocker for PluginProvider
1472102191474	addons.manager	DEBUG	Calling shutdown blocker for <unnamed-provider>
1472102191476	addons.manager	DEBUG	Calling shutdown blocker for PreviousExperimentProvider
1472102191479	addons.xpi	DEBUG	Notifying XPI shutdown observers
1472102191483	addons.manager	DEBUG	Async provider shutdown done

Build info: version: '2.53.1', revision: 'a36b8b1', time: '2016-06-30 17:37:03'
System info: host: 'YVW-BW2RDC2', ip: '172.20.108.44', os.name: 'Windows 10', os.arch: 'amd64', os.version: '10.0', java.version: '1.8.0_91'
Driver info: driver.version: FirefoxDriver
	at org.openqa.selenium.firefox.internal.NewProfileExtensionConnection.start(NewProfileExtensionConnection.java:124)
	at org.openqa.selenium.firefox.FirefoxDriver.startClient(FirefoxDriver.java:271)
	at org.openqa.selenium.remote.RemoteWebDriver.<init>(RemoteWebDriver.java:119)
	at org.openqa.selenium.firefox.FirefoxDriver.<init>(FirefoxDriver.java:218)
	at org.openqa.selenium.firefox.FirefoxDriver.<init>(FirefoxDriver.java:211)
	at org.openqa.selenium.firefox.FirefoxDriver.<init>(FirefoxDriver.java:129)
	... 14 more
Caused by: org.openqa.selenium.firefox.NotConnectedException: Unable to connect to host 127.0.0.1 on port 7055 after 45000 ms. Firefox console output:
417	addons.xpi	DEBUG	Updating database with changes to installed add-ons
1472102175418	addons.xpi-utils	DEBUG	Updating add-on states
1472102175419	addons.xpi-utils	DEBUG	Writing add-ons list
1472102175430	addons.xpi	DEBUG	Registering manifest for C:\Program Files (x86)\Mozilla Firefox\browser\features\e10srollout@mozilla.org.xpi
1472102175430	addons.xpi	DEBUG	Calling bootstrap method startup on e10srollout@mozilla.org version 1.0
1472102175431	addons.xpi	DEBUG	Registering manifest for C:\Program Files (x86)\Mozilla Firefox\browser\features\firefox@getpocket.com.xpi
1472102175431	addons.xpi	DEBUG	Calling bootstrap method startup on firefox@getpocket.com version 1.0.4
1472102175432	addons.xpi	DEBUG	Registering manifest for C:\Program Files (x86)\Mozilla Firefox\browser\features\loop@mozilla.org.xpi
1472102175433	addons.xpi	DEBUG	Calling bootstrap method startup on loop@mozilla.org version 1.4.3
1472102175452	addons.manager	DEBUG	Registering shutdown blocker for XPIProvider
1472102175452	addons.manager	DEBUG	Provider finished startup: XPIProvider
1472102175452	addons.manager	DEBUG	Starting provider: LightweightThemeManager
1472102175452	addons.manager	DEBUG	Registering shutdown blocker for LightweightThemeManager
1472102175453	addons.manager	DEBUG	Provider finished startup: LightweightThemeManager
1472102175453	addons.manager	DEBUG	Starting provider: GMPProvider
1472102175461	addons.manager	DEBUG	Registering shutdown blocker for GMPProvider
1472102175461	addons.manager	DEBUG	Provider finished startup: GMPProvider
1472102175461	addons.manager	DEBUG	Starting provider: PluginProvider
1472102175462	addons.manager	DEBUG	Registering shutdown blocker for PluginProvider
1472102175462	addons.manager	DEBUG	Provider finished startup: PluginProvider
1472102175462	addons.manager	DEBUG	Completed startup sequence
1472102176064	addons.manager	DEBUG	Starting provider: <unnamed-provider>
1472102176064	addons.manager	DEBUG	Registering shutdown blocker for <unnamed-provider>
1472102176064	addons.manager	DEBUG	Provider finished startup: <unnamed-provider>
1472102176785	DeferredSave.extensions.json	DEBUG	Write succeeded
1472102176785	addons.xpi-utils	DEBUG	XPI Database saved, setting schema version preference to 17
1472102176785	DeferredSave.extensions.json	DEBUG	Starting timer
1472102176828	DeferredSave.extensions.json	DEBUG	Starting write
1472102176856	addons.repository	DEBUG	No addons.json found.
1472102176860	DeferredSave.addons.json	DEBUG	Save changes
1472102176871	DeferredSave.addons.json	DEBUG	Starting timer
1472102177021	addons.manager	DEBUG	Starting provider: PreviousExperimentProvider
1472102177021	addons.manager	DEBUG	Registering shutdown blocker for PreviousExperimentProvider
1472102177021	addons.manager	DEBUG	Provider finished startup: PreviousExperimentProvider
1472102177026	DeferredSave.addons.json	DEBUG	Starting write
1472102177039	DeferredSave.extensions.json	DEBUG	Write succeeded
1472102177165	DeferredSave.addons.json	DEBUG	Write succeeded
1472102191091	addons.xpi	DEBUG	Calling bootstrap method shutdown on e10srollout@mozilla.org version 1.0
1472102191091	addons.xpi	DEBUG	Calling bootstrap method shutdown on firefox@getpocket.com version 1.0.4
1472102191092	addons.xpi	DEBUG	Calling bootstrap method shutdown on loop@mozilla.org version 1.4.3
1472102191468	addons.manager	DEBUG	shutdown
1472102191468	addons.manager	DEBUG	Calling shutdown blocker for XPIProvider
1472102191468	addons.xpi	DEBUG	shutdown
1472102191469	addons.xpi-utils	DEBUG	shutdown
1472102191469	addons.manager	DEBUG	Calling shutdown blocker for LightweightThemeManager
1472102191470	addons.manager	DEBUG	Calling shutdown blocker for GMPProvider
1472102191473	addons.manager	DEBUG	Calling shutdown blocker for PluginProvider
1472102191474	addons.manager	DEBUG	Calling shutdown blocker for <unnamed-provider>
1472102191476	addons.manager	DEBUG	Calling shutdown blocker for PreviousExperimentProvider
1472102191479	addons.xpi	DEBUG	Notifying XPI shutdown observers
1472102191483	addons.manager	DEBUG	Async provider shutdown done

	at org.openqa.selenium.firefox.internal.NewProfileExtensionConnection.start(NewProfileExtensionConnection.java:112)
	... 19 more
15:16:59.806 WARN - Exception: Unable to connect to host 127.0.0.1 on port 7055 after 45000 ms. Firefox console output:
417	addons.xpi	DEBUG	Updating database with changes to installed add-ons
1472102175418	addons.xpi-utils	DEBUG	Updating add-on states
1472102175419	addons.xpi-utils	DEBUG	Writing add-ons list
1472102175430	addons.xpi	DEBUG	Registering manifest for C:\Program Files (x86)\Mozilla Firefox\browser\features\e10srollout@mozilla.org.xpi
1472102175430	addons.xpi	DEBUG	Calling bootstrap method startup on e10srollout@mozilla.org version 1.0
1472102175431	addons.xpi	DEBUG	Registering manifest for C:\Program Files (x86)\Mozilla Firefox\browser\features\firefox@getpocket.com.xpi
1472102175431	addons.xpi	DEBUG	Calling bootstrap method startup on firefox@getpocket.com version 1.0.4
1472102175432	addons.xpi	DEBUG	Registering manifest for C:\Program Files (x86)\Mozilla Firefox\browser\features\loop@mozilla.org.xpi
1472102175433	addons.xpi	DEBUG	Calling bootstrap method startup on loop@mozilla.org version 1.4.3
1472102175452	addons.manager	DEBUG	Registering shutdown blocker for XPIProvider
1472102175452	addons.manager	DEBUG	Provider finished startup: XPIProvider
1472102175452	addons.manager	DEBUG	Starting provider: LightweightThemeManager
1472102175452	addons.manager	DEBUG	Registering shutdown blocker for LightweightThemeManager
1472102175453	addons.manager	DEBUG	Provider finished startup: LightweightThemeManager
1472102175453	addons.manager	DEBUG	Starting provider: GMPProvider
1472102175461	addons.manager	DEBUG	Registering shutdown blocker for GMPProvider
1472102175461	addons.manager	DEBUG	Provider finished startup: GMPProvider
1472102175461	addons.manager	DEBUG	Starting provider: PluginProvider
1472102175462	addons.manager	DEBUG	Registering shutdown blocker for PluginProvider
1472102175462	addons.manager	DEBUG	Provider finished startup: PluginProvider
1472102175462	addons.manager	DEBUG	Completed startup sequence
1472102176064	addons.manager	DEBUG	Starting provider: <unnamed-provider>
1472102176064	addons.manager	DEBUG	Registering shutdown blocker for <unnamed-provider>
1472102176064	addons.manager	DEBUG	Provider finished startup: <unnamed-provider>
1472102176785	DeferredSave.extensions.json	DEBUG	Write succeeded
1472102176785	addons.xpi-utils	DEBUG	XPI Database saved, setting schema version preference to 17
1472102176785	DeferredSave.extensions.json	DEBUG	Starting timer
1472102176828	DeferredSave.extensions.json	DEBUG	Starting write
1472102176856	addons.repository	DEBUG	No addons.json found.
1472102176860	DeferredSave.addons.json	DEBUG	Save changes
1472102176871	DeferredSave.addons.json	DEBUG	Starting timer
1472102177021	addons.manager	DEBUG	Starting provider: PreviousExperimentProvider
1472102177021	addons.manager	DEBUG	Registering shutdown blocker for PreviousExperimentProvider
1472102177021	addons.manager	DEBUG	Provider finished startup: PreviousExperimentProvider
1472102177026	DeferredSave.addons.json	DEBUG	Starting write
1472102177039	DeferredSave.extensions.json	DEBUG	Write succeeded
1472102177165	DeferredSave.addons.json	DEBUG	Write succeeded
1472102191091	addons.xpi	DEBUG	Calling bootstrap method shutdown on e10srollout@mozilla.org version 1.0
1472102191091	addons.xpi	DEBUG	Calling bootstrap method shutdown on firefox@getpocket.com version 1.0.4
1472102191092	addons.xpi	DEBUG	Calling bootstrap method shutdown on loop@mozilla.org version 1.4.3
1472102191468	addons.manager	DEBUG	shutdown
1472102191468	addons.manager	DEBUG	Calling shutdown blocker for XPIProvider
1472102191468	addons.xpi	DEBUG	shutdown
1472102191469	addons.xpi-utils	DEBUG	shutdown
1472102191469	addons.manager	DEBUG	Calling shutdown blocker for LightweightThemeManager
1472102191470	addons.manager	DEBUG	Calling shutdown blocker for GMPProvider
1472102191473	addons.manager	DEBUG	Calling shutdown blocker for PluginProvider
1472102191474	addons.manager	DEBUG	Calling shutdown blocker for <unnamed-provider>
1472102191476	addons.manager	DEBUG	Calling shutdown blocker for PreviousExperimentProvider
1472102191479	addons.xpi	DEBUG	Notifying XPI shutdown observers
1472102191483	addons.manager	DEBUG	Async provider shutdown done

